{"numFailedTestSuites":0,"numFailedTests":0,"numPassedTestSuites":9,"numPassedTests":31,"numPendingTestSuites":0,"numPendingTests":0,"numRuntimeErrorTestSuites":0,"numTodoTests":0,"numTotalTestSuites":9,"numTotalTests":31,"openHandles":[],"snapshot":{"added":0,"didUpdate":false,"failure":false,"filesAdded":0,"filesRemoved":0,"filesRemovedList":[],"filesUnmatched":0,"filesUpdated":0,"matched":0,"total":0,"unchecked":0,"uncheckedKeysByFile":[],"unmatched":0,"updated":0},"startTime":1748999265264,"success":true,"testResults":[{"assertionResults":[{"ancestorTitles":["SegmentSelector"],"duration":300,"failureDetails":[],"failureMessages":[],"fullName":"SegmentSelector renders without crashing","invocations":1,"location":null,"numPassingAsserts":1,"retryReasons":[],"status":"passed","title":"renders without crashing"},{"ancestorTitles":["SegmentSelector"],"duration":184,"failureDetails":[],"failureMessages":[],"fullName":"SegmentSelector displays selected value correctly","invocations":1,"location":null,"numPassingAsserts":1,"retryReasons":[],"status":"passed","title":"displays selected value correctly"},{"ancestorTitles":["SegmentSelector"],"duration":88,"failureDetails":[],"failureMessages":[],"fullName":"SegmentSelector has reasonable touch target size","invocations":1,"location":null,"numPassingAsserts":1,"retryReasons":[],"status":"passed","title":"has reasonable touch target size"}],"endTime":1748999273045,"message":"","name":"R:\\Projects\\PantryCRM\\src\\components\\food-service\\__tests__\\SegmentSelector.test.tsx","startTime":1748999269303,"status":"passed","summary":""},{"assertionResults":[{"ancestorTitles":["Touch Target Compliance - iPad Optimization"],"duration":161,"failureDetails":[],"failureMessages":[],"fullName":"Touch Target Compliance - iPad Optimization PriorityBadge has adequate touch target size","invocations":1,"location":null,"numPassingAsserts":3,"retryReasons":[],"status":"passed","title":"PriorityBadge has adequate touch target size"},{"ancestorTitles":["Touch Target Compliance - iPad Optimization"],"duration":377,"failureDetails":[],"failureMessages":[],"fullName":"Touch Target Compliance - iPad Optimization SegmentSelector meets touch target requirements","invocations":1,"location":null,"numPassingAsserts":1,"retryReasons":[],"status":"passed","title":"SegmentSelector meets touch target requirements"},{"ancestorTitles":["Touch Target Compliance - iPad Optimization"],"duration":61,"failureDetails":[],"failureMessages":[],"fullName":"Touch Target Compliance - iPad Optimization DistributorField meets touch target requirements","invocations":1,"location":null,"numPassingAsserts":1,"retryReasons":[],"status":"passed","title":"DistributorField meets touch target requirements"},{"ancestorTitles":["Touch Target Compliance - iPad Optimization"],"duration":103,"failureDetails":[],"failureMessages":[],"fullName":"Touch Target Compliance - iPad Optimization LoginComponent inputs meet touch target requirements","invocations":1,"location":null,"numPassingAsserts":6,"retryReasons":[],"status":"passed","title":"LoginComponent inputs meet touch target requirements"},{"ancestorTitles":["Touch Target Compliance - iPad Optimization"],"duration":11,"failureDetails":[],"failureMessages":[],"fullName":"Touch Target Compliance - iPad Optimization Interactive elements are properly spaced for touch","invocations":1,"location":null,"numPassingAsserts":3,"retryReasons":[],"status":"passed","title":"Interactive elements are properly spaced for touch"}],"endTime":1748999273274,"message":"","name":"R:\\Projects\\PantryCRM\\src\\__tests__\\TouchTargetCompliance.test.tsx","startTime":1748999269341,"status":"passed","summary":""},{"assertionResults":[{"ancestorTitles":["LoginComponent"],"duration":177,"failureDetails":[],"failureMessages":[],"fullName":"LoginComponent renders login form elements","invocations":1,"location":null,"numPassingAsserts":3,"retryReasons":[],"status":"passed","title":"renders login form elements"},{"ancestorTitles":["LoginComponent"],"duration":790,"failureDetails":[],"failureMessages":[],"fullName":"LoginComponent handles form submission","invocations":1,"location":null,"numPassingAsserts":1,"retryReasons":[],"status":"passed","title":"handles form submission"},{"ancestorTitles":["LoginComponent"],"duration":27,"failureDetails":[],"failureMessages":[],"fullName":"LoginComponent has adequate touch targets for form elements","invocations":1,"location":null,"numPassingAsserts":3,"retryReasons":[],"status":"passed","title":"has adequate touch targets for form elements"}],"endTime":1748999273371,"message":"","name":"R:\\Projects\\PantryCRM\\src\\components\\auth\\__tests__\\LoginComponent.test.tsx","startTime":1748999269363,"status":"passed","summary":""},{"assertionResults":[{"ancestorTitles":["ThemeToggle Component"],"duration":75,"failureDetails":[],"failureMessages":[],"fullName":"ThemeToggle Component renders toggle button with correct accessibility","invocations":1,"location":null,"numPassingAsserts":1,"retryReasons":[],"status":"passed","title":"renders toggle button with correct accessibility"},{"ancestorTitles":["ThemeToggle Component"],"duration":43,"failureDetails":[],"failureMessages":[],"fullName":"ThemeToggle Component displays theme options and calls setTheme","invocations":1,"location":null,"numPassingAsserts":6,"retryReasons":[],"status":"passed","title":"displays theme options and calls setTheme"}],"endTime":1748999273959,"message":"","name":"R:\\Projects\\PantryCRM\\components\\__tests__\\ThemeToggle.test.tsx","startTime":1748999273163,"status":"passed","summary":""},{"assertionResults":[{"ancestorTitles":["NextCRM Integration Tests"],"duration":38,"failureDetails":[],"failureMessages":[],"fullName":"NextCRM Integration Tests Button component renders with correct class names","invocations":1,"location":null,"numPassingAsserts":1,"retryReasons":[],"status":"passed","title":"Button component renders with correct class names"},{"ancestorTitles":["NextCRM Integration Tests"],"duration":10,"failureDetails":[],"failureMessages":[],"fullName":"NextCRM Integration Tests Card component renders with correct class names","invocations":1,"location":null,"numPassingAsserts":1,"retryReasons":[],"status":"passed","title":"Card component renders with correct class names"},{"ancestorTitles":["NextCRM Integration Tests"],"duration":10,"failureDetails":[],"failureMessages":[],"fullName":"NextCRM Integration Tests Tailwind CSS classes are applied","invocations":1,"location":null,"numPassingAsserts":1,"retryReasons":[],"status":"passed","title":"Tailwind CSS classes are applied"}],"endTime":1748999274105,"message":"","name":"R:\\Projects\\PantryCRM\\src\\__tests__\\NextCRMIntegration.test.tsx","startTime":1748999273431,"status":"passed","summary":""},{"assertionResults":[{"ancestorTitles":["DistributorField"],"duration":92,"failureDetails":[],"failureMessages":[],"fullName":"DistributorField renders without crashing","invocations":1,"location":null,"numPassingAsserts":1,"retryReasons":[],"status":"passed","title":"renders without crashing"},{"ancestorTitles":["DistributorField"],"duration":94,"failureDetails":[],"failureMessages":[],"fullName":"DistributorField displays selected value correctly","invocations":1,"location":null,"numPassingAsserts":1,"retryReasons":[],"status":"passed","title":"displays selected value correctly"},{"ancestorTitles":["DistributorField"],"duration":46,"failureDetails":[],"failureMessages":[],"fullName":"DistributorField has reasonable touch target size","invocations":1,"location":null,"numPassingAsserts":1,"retryReasons":[],"status":"passed","title":"has reasonable touch target size"}],"endTime":1748999274252,"message":"","name":"R:\\Projects\\PantryCRM\\src\\components\\food-service\\__tests__\\DistributorField.test.tsx","startTime":1748999273325,"status":"passed","summary":""},{"assertionResults":[{"ancestorTitles":["PriorityBadge"],"duration":35,"failureDetails":[],"failureMessages":[],"fullName":"PriorityBadge renders priority A with correct text","invocations":1,"location":null,"numPassingAsserts":1,"retryReasons":[],"status":"passed","title":"renders priority A with correct text"},{"ancestorTitles":["PriorityBadge"],"duration":6,"failureDetails":[],"failureMessages":[],"fullName":"PriorityBadge renders priority B with correct text","invocations":1,"location":null,"numPassingAsserts":1,"retryReasons":[],"status":"passed","title":"renders priority B with correct text"},{"ancestorTitles":["PriorityBadge"],"duration":12,"failureDetails":[],"failureMessages":[],"fullName":"PriorityBadge renders priority C with correct text","invocations":1,"location":null,"numPassingAsserts":1,"retryReasons":[],"status":"passed","title":"renders priority C with correct text"},{"ancestorTitles":["PriorityBadge"],"duration":7,"failureDetails":[],"failureMessages":[],"fullName":"PriorityBadge renders priority D with correct text","invocations":1,"location":null,"numPassingAsserts":1,"retryReasons":[],"status":"passed","title":"renders priority D with correct text"},{"ancestorTitles":["PriorityBadge"],"duration":7,"failureDetails":[],"failureMessages":[],"fullName":"PriorityBadge meets reasonable touch target size for badge component","invocations":1,"location":null,"numPassingAsserts":2,"retryReasons":[],"status":"passed","title":"meets reasonable touch target size for badge component"},{"ancestorTitles":["PriorityBadge"],"duration":15,"failureDetails":[],"failureMessages":[],"fullName":"PriorityBadge applies custom className correctly","invocations":1,"location":null,"numPassingAsserts":1,"retryReasons":[],"status":"passed","title":"applies custom className correctly"}],"endTime":1748999274851,"message":"","name":"R:\\Projects\\PantryCRM\\src\\components\\food-service\\__tests__\\PriorityBadge.test.tsx","startTime":1748999274085,"status":"passed","summary":""},{"assertionResults":[{"ancestorTitles":["Dashboard"],"duration":43,"failureDetails":[],"failureMessages":[],"fullName":"Dashboard renders dashboard title and description","invocations":1,"location":null,"numPassingAsserts":1,"retryReasons":[],"status":"passed","title":"renders dashboard title and description"},{"ancestorTitles":["Dashboard"],"duration":20,"failureDetails":[],"failureMessages":[],"fullName":"Dashboard displays key metrics correctly","invocations":1,"location":null,"numPassingAsserts":5,"retryReasons":[],"status":"passed","title":"displays key metrics correctly"},{"ancestorTitles":["Dashboard"],"duration":9,"failureDetails":[],"failureMessages":[],"fullName":"Dashboard renders the Tremor BarChart with correct data","invocations":1,"location":null,"numPassingAsserts":1,"retryReasons":[],"status":"passed","title":"renders the Tremor BarChart with correct data"},{"ancestorTitles":["Dashboard"],"duration":9,"failureDetails":[],"failureMessages":[],"fullName":"Dashboard renders the responsive grid layout for cards","invocations":1,"location":null,"numPassingAsserts":1,"retryReasons":[],"status":"passed","title":"renders the responsive grid layout for cards"}],"endTime":1748999274951,"message":"","name":"R:\\Projects\\PantryCRM\\src\\components\\dashboard\\__tests__\\Dashboard.test.tsx","startTime":1748999274204,"status":"passed","summary":""},{"assertionResults":[{"ancestorTitles":["Button Component"],"duration":49,"failureDetails":[],"failureMessages":[],"fullName":"Button Component renders with correct text","invocations":1,"location":null,"numPassingAsserts":1,"retryReasons":[],"status":"passed","title":"renders with correct text"},{"ancestorTitles":["Button Component"],"duration":4,"failureDetails":[],"failureMessages":[],"fullName":"Button Component maintains minimum 44px touch target height","invocations":1,"location":null,"numPassingAsserts":1,"retryReasons":[],"status":"passed","title":"maintains minimum 44px touch target height"}],"endTime":1748999275009,"message":"","name":"R:\\Projects\\PantryCRM\\components\\ui\\__tests__\\Button.test.tsx","startTime":1748999274365,"status":"passed","summary":""}],"wasInterrupted":false}
